2018-05-14 17:04:03.582 INFO  [localhost-startStop-1] org.atmosphere.cpr.AtmosphereFramework - Installed AtmosphereHandler com.vaadin.server.communication.PushAtmosphereHandler mapped to context-path: /*
2018-05-14 17:04:03.586 INFO  [localhost-startStop-1] org.atmosphere.cpr.AtmosphereFramework - Installed the following AtmosphereInterceptor mapped to AtmosphereHandler com.vaadin.server.communication.PushAtmosphereHandler
2018-05-14 17:04:03.590 INFO  [localhost-startStop-1] org.atmosphere.util.IOUtils - META-INF/services/org.atmosphere.cpr.AtmosphereFramework not found in class loader
2018-05-14 17:04:03.608 INFO  [localhost-startStop-1] org.atmosphere.cpr.AtmosphereFramework - Atmosphere is using org.atmosphere.util.VoidAnnotationProcessor for processing annotation
2018-05-14 17:04:03.656 INFO  [localhost-startStop-1] org.atmosphere.cpr.AtmosphereFramework - Installed WebSocketProtocol org.atmosphere.websocket.protocol.SimpleHttpProtocol 
2018-05-14 17:04:03.668 INFO  [localhost-startStop-1] org.atmosphere.container.JSR356AsyncSupport - JSR 356 Mapping path /{path}
2018-05-14 17:04:03.685 INFO  [localhost-startStop-1] org.atmosphere.cpr.AtmosphereFramework - Installing Default AtmosphereInterceptors
2018-05-14 17:04:03.699 INFO  [localhost-startStop-1] org.atmosphere.cpr.AtmosphereFramework - 	org.atmosphere.interceptor.CorsInterceptor : CORS Interceptor Support
2018-05-14 17:04:03.700 INFO  [localhost-startStop-1] org.atmosphere.cpr.AtmosphereFramework - 	org.atmosphere.interceptor.CacheHeadersInterceptor : Default Response's Headers Interceptor
2018-05-14 17:04:03.702 INFO  [localhost-startStop-1] org.atmosphere.cpr.AtmosphereFramework - 	org.atmosphere.interceptor.PaddingAtmosphereInterceptor : Browser Padding Interceptor Support
2018-05-14 17:04:03.703 INFO  [localhost-startStop-1] org.atmosphere.cpr.AtmosphereFramework - 	org.atmosphere.interceptor.AndroidAtmosphereInterceptor : Android Interceptor Support
2018-05-14 17:04:03.704 INFO  [localhost-startStop-1] org.atmosphere.cpr.AtmosphereFramework - Dropping Interceptor org.atmosphere.interceptor.HeartbeatInterceptor
2018-05-14 17:04:03.705 INFO  [localhost-startStop-1] org.atmosphere.cpr.AtmosphereFramework - 	org.atmosphere.interceptor.SSEAtmosphereInterceptor : SSE Interceptor Support
2018-05-14 17:04:03.707 INFO  [localhost-startStop-1] org.atmosphere.cpr.AtmosphereFramework - 	org.atmosphere.interceptor.JSONPAtmosphereInterceptor : JSONP Interceptor Support
2018-05-14 17:04:03.710 INFO  [localhost-startStop-1] org.atmosphere.cpr.AtmosphereFramework - 	org.atmosphere.interceptor.JavaScriptProtocol : Atmosphere JavaScript Protocol
2018-05-14 17:04:03.711 INFO  [localhost-startStop-1] org.atmosphere.cpr.AtmosphereFramework - 	org.atmosphere.interceptor.WebSocketMessageSuspendInterceptor : org.atmosphere.interceptor.WebSocketMessageSuspendInterceptor
2018-05-14 17:04:03.712 INFO  [localhost-startStop-1] org.atmosphere.cpr.AtmosphereFramework - 	org.atmosphere.interceptor.OnDisconnectInterceptor : Browser disconnection detection
2018-05-14 17:04:03.712 INFO  [localhost-startStop-1] org.atmosphere.cpr.AtmosphereFramework - 	org.atmosphere.interceptor.IdleResourceInterceptor : org.atmosphere.interceptor.IdleResourceInterceptor
2018-05-14 17:04:03.713 INFO  [localhost-startStop-1] org.atmosphere.cpr.AtmosphereFramework - Set org.atmosphere.cpr.AtmosphereInterceptor.disableDefaults to disable them.
2018-05-14 17:04:03.718 INFO  [localhost-startStop-1] org.atmosphere.cpr.AtmosphereFramework - Using EndpointMapper class org.atmosphere.util.DefaultEndpointMapper
2018-05-14 17:04:03.718 INFO  [localhost-startStop-1] org.atmosphere.cpr.AtmosphereFramework - Using BroadcasterCache: org.atmosphere.cache.UUIDBroadcasterCache
2018-05-14 17:04:03.719 INFO  [localhost-startStop-1] org.atmosphere.cpr.AtmosphereFramework - Default Broadcaster Class: org.atmosphere.cpr.DefaultBroadcaster
2018-05-14 17:04:03.719 INFO  [localhost-startStop-1] org.atmosphere.cpr.AtmosphereFramework - Broadcaster Polling Wait Time 100
2018-05-14 17:04:03.719 INFO  [localhost-startStop-1] org.atmosphere.cpr.AtmosphereFramework - Shared ExecutorService supported: true
2018-05-14 17:04:03.719 INFO  [localhost-startStop-1] org.atmosphere.cpr.AtmosphereFramework - Messaging Thread Pool Size: Unlimited
2018-05-14 17:04:03.719 INFO  [localhost-startStop-1] org.atmosphere.cpr.AtmosphereFramework - Async I/O Thread Pool Size: 200
2018-05-14 17:04:03.720 INFO  [localhost-startStop-1] org.atmosphere.cpr.AtmosphereFramework - Using BroadcasterFactory: org.atmosphere.cpr.DefaultBroadcasterFactory
2018-05-14 17:04:03.720 INFO  [localhost-startStop-1] org.atmosphere.cpr.AtmosphereFramework - Using WebSocketProcessor: org.atmosphere.websocket.DefaultWebSocketProcessor
2018-05-14 17:04:03.724 INFO  [localhost-startStop-1] org.atmosphere.cpr.AtmosphereFramework - Invoke AtmosphereInterceptor on WebSocket message true
2018-05-14 17:04:03.724 INFO  [localhost-startStop-1] org.atmosphere.cpr.AtmosphereFramework - HttpSession supported: true
2018-05-14 17:04:03.724 INFO  [localhost-startStop-1] org.atmosphere.cpr.AtmosphereFramework - Atmosphere is using DefaultAtmosphereObjectFactory for dependency injection and object creation
2018-05-14 17:04:03.724 INFO  [localhost-startStop-1] org.atmosphere.cpr.AtmosphereFramework - Atmosphere is using async support: org.atmosphere.container.JSR356AsyncSupport running under container: Apache Tomcat/8.5.21 using javax.servlet/3.0 and jsr356/WebSocket API
2018-05-14 17:04:03.725 INFO  [localhost-startStop-1] org.atmosphere.cpr.AtmosphereFramework - Atmosphere Framework 2.2.9.vaadin2.cuba1 started.
2018-05-14 17:04:03.728 INFO  [localhost-startStop-1] org.atmosphere.cpr.AtmosphereFramework - Installed AtmosphereInterceptor  Track Message Size Interceptor using | with priority BEFORE_DEFAULT 
2018-05-14 17:04:03.837 INFO  [localhost-startStop-1] com.haulmont.cuba.core.sys.AppComponents - Using app components: [com.haulmont.cuba]
2018-05-14 17:04:03.859 INFO  [localhost-startStop-1] com.haulmont.cuba.core.sys.AbstractWebAppContextLoader - Loading app properties from classpath:com/company/salescafe/web-app.properties
2018-05-14 17:04:03.978 INFO  [localhost-startStop-1] com.haulmont.cuba.core.sys.CubaClassPathXmlApplicationContext - Refreshing com.haulmont.cuba.core.sys.CubaClassPathXmlApplicationContext@6fae4a55: startup date [Mon May 14 17:04:03 SAMT 2018]; root of context hierarchy
2018-05-14 17:04:06.731 INFO  [localhost-startStop-1] com.haulmont.cuba.core.sys.remoting.discovery.StaticServerSelector - Server URLs: [http://localhost:8080/app-core/remoting]
2018-05-14 17:04:06.740 INFO  [localhost-startStop-1] com.haulmont.cuba.web.sys.remoting.WebRemoteProxyBeanCreator - Configuring proxy beans for local service invocations: [cuba_LoginService, cuba_AuthenticationService, cuba_TrustedClientService, cuba_ServerInfoService, cuba_UserSettingService, cuba_UserManagementService, cuba_DataService, cuba_ConfigStorageService, cuba_PersistenceManagerService, cuba_LockService, cuba_UserSessionService, cuba_FoldersService, cuba_EmailService, cuba_FileStorageService, cuba_EntitySnapshotService, cuba_UniqueNumbersService, cuba_LocalizedMessageService, cuba_ResourceService, cuba_ScheduledTasksService, cuba_EntityLogService, cuba_TestingService, cuba_ObjectsCacheManagerService, cuba_DomainDescriptionService, cuba_RelatedEntitiesService, cuba_EntitySqlGenerationService, cuba_NumberIdService, cuba_QueryResultsService, cuba_DynamicAttributesCacheService, cuba_EntityRestoreService, cuba_LocalFileExchangeService, cuba_EntityImportExportService, cuba_ScreenProfilerService, cuba_ServerTokenStore, cuba_IdpService, cuba_ConstraintLocalizationService, cuba_AttributeAccessService]
2018-05-14 17:04:06.745 INFO  [localhost-startStop-1] com.haulmont.cuba.web.sys.remoting.WebRemoteProxyBeanCreator - Configuring proxy beans for local service invocations: [sales_OrderService]
2018-05-14 17:04:08.525 INFO  [localhost-startStop-1] com.haulmont.cuba.core.sys.CubaThreadPoolTaskScheduler - Initializing ExecutorService  'scheduler'
2018-05-14 17:04:08.896 INFO  [localhost-startStop-1] com.haulmont.cuba.core.sys.jmx.MBeanExporter - Registering beans for JMX exposure: [app.cuba:type=ConfigStorage, app.cuba:type=CachingFacade, app.cuba:type=FileUploading, app.cuba:type=JmxNodeIdentifier, app.cuba:type=JmxLogControl, app.cuba:type=ClassLoaderManager, app.cuba:type=StatisticsCounter]
2018-05-14 17:04:08.958 INFO  [localhost-startStop-1] com.haulmont.cuba.core.sys.MetadataImpl - Initializing metadata
2018-05-14 17:04:09.363 INFO  [localhost-startStop-1] com.haulmont.cuba.core.sys.MetadataImpl - Metadata initialized in 403ms
2018-05-14 17:04:09.381 INFO  [localhost-startStop-1] com.haulmont.cuba.core.sys.AbstractWebAppContextLoader - AppContext initialized
2018-05-14 17:04:09.424 INFO  [localhost-startStop-1] com.haulmont.cuba.web.sys.CubaDispatcherServlet - FrameworkServlet 'dispatcher': initialization started
2018-05-14 17:04:09.436 INFO  [localhost-startStop-1] com.haulmont.cuba.core.sys.CubaXmlWebApplicationContext - Refreshing WebApplicationContext for namespace 'dispatcher-servlet': startup date [Mon May 14 17:04:09 SAMT 2018]; parent: com.haulmont.cuba.core.sys.CubaClassPathXmlApplicationContext@6fae4a55
2018-05-14 17:04:09.961 DEBUG [localhost-startStop-1] org.jboss.logging - Logging Provider: org.jboss.logging.Slf4jLoggerProvider
2018-05-14 17:04:11.020 INFO  [localhost-startStop-1] com.haulmont.cuba.web.sys.CubaDispatcherServlet - FrameworkServlet 'dispatcher': initialization completed in 1595 ms
2018-05-14 17:04:11.022 INFO  [localhost-startStop-1] com.haulmont.restapi.sys.CubaRestApiServlet - FrameworkServlet 'rest_api': initialization started
2018-05-14 17:04:11.023 INFO  [localhost-startStop-1] com.haulmont.cuba.core.sys.CubaXmlWebApplicationContext - Refreshing WebApplicationContext for namespace 'rest_api-servlet': startup date [Mon May 14 17:04:11 SAMT 2018]; parent: com.haulmont.cuba.core.sys.CubaClassPathXmlApplicationContext@6fae4a55
2018-05-14 17:04:12.553 INFO  [localhost-startStop-1] com.haulmont.restapi.sys.CubaRestApiServlet - FrameworkServlet 'rest_api': initialization completed in 1531 ms
2018-05-14 17:04:12.660 INFO  [localhost-startStop-1] com.haulmont.cuba.core.sys.AppComponents - Using app components: [com.haulmont.cuba]
2018-05-14 17:04:12.670 INFO  [localhost-startStop-1] com.haulmont.cuba.core.sys.AbstractWebAppContextLoader - Loading app properties from classpath:com/company/salescafe/app.properties
2018-05-14 17:04:12.680 INFO  [localhost-startStop-1] com.haulmont.cuba.core.sys.AppContextLoader - DbmsType of the main database is set to postgres
2018-05-14 17:04:12.768 INFO  [localhost-startStop-1] com.haulmont.cuba.core.sys.persistence.PersistenceConfigProcessor - Creating file C:\Users\lebedev\Documents\Education\testcafe\deploy\tomcat\work\app-core\persistence.xml
2018-05-14 17:04:12.787 INFO  [localhost-startStop-1] com.haulmont.cuba.core.sys.CubaCoreApplicationContext - Refreshing com.haulmont.cuba.core.sys.CubaCoreApplicationContext@151c825f: startup date [Mon May 14 17:04:12 SAMT 2018]; root of context hierarchy
2018-05-14 17:04:19.181 INFO  [localhost-startStop-1] com.haulmont.cuba.core.sys.CubaThreadPoolTaskScheduler - Initializing ExecutorService  'scheduler'
2018-05-14 17:04:19.367 INFO  [localhost-startStop-1] com.haulmont.cuba.core.sys.jmx.MBeanExporter - Registering beans for JMX exposure: [app-core.cuba:type=PersistenceManager, app-core.cuba:type=ConfigStorage, app-core.cuba:type=UserSessions, app-core.cuba:type=UniqueNumbers, app-core.cuba:type=Emailer, app-core.cuba:type=EntityLog, app-core.cuba:type=FileStorage, app-core.cuba:type=LockManager, app-core.cuba:type=CachingFacade, app-core.cuba:type=ClusterManager, app-core.cuba:type=ScriptingManager, app-core.cuba:type=ServerInfo, app-core.cuba:type=Scheduling, app-core.cuba:type=ObjectsCacheManager, app-core.cuba:type=PasswordEncryptionSupport, app-core.cuba:type=JmxNodeIdentifier, app-core.cuba:type=JmxLogControl, app-core.cuba:type=ClassLoaderManager, app-core.cuba:type=StatisticsCounter, app-core.cuba:type=BruteForceProtection, app-core.cuba:type=QueryCacheSupport, app-core.cuba:type=IdpSessions, app-core.cuba:type=ServerTokenStore]
2018-05-14 17:04:19.627 INFO  [localhost-startStop-1] com.haulmont.cuba.core.sys.MetadataImpl - Initializing metadata
2018-05-14 17:04:19.831 INFO  [localhost-startStop-1] com.haulmont.cuba.core.sys.MetadataImpl - Metadata initialized in 203ms
2018-05-14 17:04:20.120 DEBUG [localhost-startStop-1] com.haulmont.cuba.security.auth.AnonymousSessionHolder - Initialize anonymous session
2018-05-14 17:04:20.474 INFO  [localhost-startStop-1] com.haulmont.cuba.core.app.ConfigStorage - Loading DB-stored app properties cache
2018-05-14 17:04:20.830 INFO  [localhost-startStop-1] com.haulmont.cuba.core.sys.DefaultPermissionValuesConfig - Initializing default permission values
2018-05-14 17:04:20.906 INFO  [localhost-startStop-1] com.haulmont.cuba.security.auth.AuthenticationManagerBean - Logged in: c4f6c225-1391-9401-8a8d-0f90239f3204 [anonymous]
2018-05-14 17:04:20.908 DEBUG [localhost-startStop-1] com.haulmont.cuba.security.auth.AnonymousSessionHolder - Anonymous session initialized with id c4f6c225-1391-9401-8a8d-0f90239f3204
2018-05-14 17:04:20.908 INFO  [localhost-startStop-1] com.haulmont.cuba.core.sys.AbstractWebAppContextLoader - AppContext initialized
2018-05-14 17:04:20.909 INFO  [localhost-startStop-1] com.haulmont.cuba.core.sys.remoting.RemotingServlet - FrameworkServlet 'remoting': initialization started
2018-05-14 17:04:20.913 INFO  [localhost-startStop-1] com.haulmont.cuba.core.sys.CubaXmlWebApplicationContext - Refreshing WebApplicationContext for namespace 'remoting-servlet': startup date [Mon May 14 17:04:20 SAMT 2018]; parent: com.haulmont.cuba.core.sys.CubaCoreApplicationContext@151c825f
2018-05-14 17:04:20.939 INFO  [localhost-startStop-1] com.haulmont.cuba.core.sys.remoting.RemoteServicesBeanCreator - Configuring remote services
2018-05-14 17:04:21.069 INFO  [localhost-startStop-1] com.haulmont.cuba.core.sys.remoting.RemotingServlet - FrameworkServlet 'remoting': initialization completed in 159 ms
2018-05-14 17:04:35.959 INFO  [localhost-startStop-2] com.haulmont.cuba.core.sys.CubaXmlWebApplicationContext - Closing WebApplicationContext for namespace 'rest_api-servlet': startup date [Mon May 14 17:04:11 SAMT 2018]; parent: com.haulmont.cuba.core.sys.CubaClassPathXmlApplicationContext@6fae4a55
2018-05-14 17:04:35.975 INFO  [localhost-startStop-2] com.haulmont.cuba.core.sys.CubaXmlWebApplicationContext - Closing WebApplicationContext for namespace 'dispatcher-servlet': startup date [Mon May 14 17:04:09 SAMT 2018]; parent: com.haulmont.cuba.core.sys.CubaClassPathXmlApplicationContext@6fae4a55
2018-05-14 17:04:55.065 INFO  [localhost-startStop-1] org.atmosphere.cpr.AtmosphereFramework - Installed AtmosphereHandler com.vaadin.server.communication.PushAtmosphereHandler mapped to context-path: /*
2018-05-14 17:04:55.068 INFO  [localhost-startStop-1] org.atmosphere.cpr.AtmosphereFramework - Installed the following AtmosphereInterceptor mapped to AtmosphereHandler com.vaadin.server.communication.PushAtmosphereHandler
2018-05-14 17:04:55.072 INFO  [localhost-startStop-1] org.atmosphere.util.IOUtils - META-INF/services/org.atmosphere.cpr.AtmosphereFramework not found in class loader
2018-05-14 17:04:55.091 INFO  [localhost-startStop-1] org.atmosphere.cpr.AtmosphereFramework - Atmosphere is using org.atmosphere.util.VoidAnnotationProcessor for processing annotation
2018-05-14 17:04:55.103 INFO  [localhost-startStop-1] org.atmosphere.cpr.AtmosphereFramework - Installed WebSocketProtocol org.atmosphere.websocket.protocol.SimpleHttpProtocol 
2018-05-14 17:04:55.115 INFO  [localhost-startStop-1] org.atmosphere.container.JSR356AsyncSupport - JSR 356 Mapping path /{path}
2018-05-14 17:04:55.129 INFO  [localhost-startStop-1] org.atmosphere.cpr.AtmosphereFramework - Installing Default AtmosphereInterceptors
2018-05-14 17:04:55.130 INFO  [localhost-startStop-1] org.atmosphere.cpr.AtmosphereFramework - 	org.atmosphere.interceptor.CorsInterceptor : CORS Interceptor Support
2018-05-14 17:04:55.131 INFO  [localhost-startStop-1] org.atmosphere.cpr.AtmosphereFramework - 	org.atmosphere.interceptor.CacheHeadersInterceptor : Default Response's Headers Interceptor
2018-05-14 17:04:55.134 INFO  [localhost-startStop-1] org.atmosphere.cpr.AtmosphereFramework - 	org.atmosphere.interceptor.PaddingAtmosphereInterceptor : Browser Padding Interceptor Support
2018-05-14 17:04:55.135 INFO  [localhost-startStop-1] org.atmosphere.cpr.AtmosphereFramework - 	org.atmosphere.interceptor.AndroidAtmosphereInterceptor : Android Interceptor Support
2018-05-14 17:04:55.135 INFO  [localhost-startStop-1] org.atmosphere.cpr.AtmosphereFramework - Dropping Interceptor org.atmosphere.interceptor.HeartbeatInterceptor
2018-05-14 17:04:55.136 INFO  [localhost-startStop-1] org.atmosphere.cpr.AtmosphereFramework - 	org.atmosphere.interceptor.SSEAtmosphereInterceptor : SSE Interceptor Support
2018-05-14 17:04:55.137 INFO  [localhost-startStop-1] org.atmosphere.cpr.AtmosphereFramework - 	org.atmosphere.interceptor.JSONPAtmosphereInterceptor : JSONP Interceptor Support
2018-05-14 17:04:55.140 INFO  [localhost-startStop-1] org.atmosphere.cpr.AtmosphereFramework - 	org.atmosphere.interceptor.JavaScriptProtocol : Atmosphere JavaScript Protocol
2018-05-14 17:04:55.140 INFO  [localhost-startStop-1] org.atmosphere.cpr.AtmosphereFramework - 	org.atmosphere.interceptor.WebSocketMessageSuspendInterceptor : org.atmosphere.interceptor.WebSocketMessageSuspendInterceptor
2018-05-14 17:04:55.141 INFO  [localhost-startStop-1] org.atmosphere.cpr.AtmosphereFramework - 	org.atmosphere.interceptor.OnDisconnectInterceptor : Browser disconnection detection
2018-05-14 17:04:55.142 INFO  [localhost-startStop-1] org.atmosphere.cpr.AtmosphereFramework - 	org.atmosphere.interceptor.IdleResourceInterceptor : org.atmosphere.interceptor.IdleResourceInterceptor
2018-05-14 17:04:55.142 INFO  [localhost-startStop-1] org.atmosphere.cpr.AtmosphereFramework - Set org.atmosphere.cpr.AtmosphereInterceptor.disableDefaults to disable them.
2018-05-14 17:04:55.146 INFO  [localhost-startStop-1] org.atmosphere.cpr.AtmosphereFramework - Using EndpointMapper class org.atmosphere.util.DefaultEndpointMapper
2018-05-14 17:04:55.146 INFO  [localhost-startStop-1] org.atmosphere.cpr.AtmosphereFramework - Using BroadcasterCache: org.atmosphere.cache.UUIDBroadcasterCache
2018-05-14 17:04:55.146 INFO  [localhost-startStop-1] org.atmosphere.cpr.AtmosphereFramework - Default Broadcaster Class: org.atmosphere.cpr.DefaultBroadcaster
2018-05-14 17:04:55.147 INFO  [localhost-startStop-1] org.atmosphere.cpr.AtmosphereFramework - Broadcaster Polling Wait Time 100
2018-05-14 17:04:55.147 INFO  [localhost-startStop-1] org.atmosphere.cpr.AtmosphereFramework - Shared ExecutorService supported: true
2018-05-14 17:04:55.148 INFO  [localhost-startStop-1] org.atmosphere.cpr.AtmosphereFramework - Messaging Thread Pool Size: Unlimited
2018-05-14 17:04:55.149 INFO  [localhost-startStop-1] org.atmosphere.cpr.AtmosphereFramework - Async I/O Thread Pool Size: 200
2018-05-14 17:04:55.149 INFO  [localhost-startStop-1] org.atmosphere.cpr.AtmosphereFramework - Using BroadcasterFactory: org.atmosphere.cpr.DefaultBroadcasterFactory
2018-05-14 17:04:55.149 INFO  [localhost-startStop-1] org.atmosphere.cpr.AtmosphereFramework - Using WebSocketProcessor: org.atmosphere.websocket.DefaultWebSocketProcessor
2018-05-14 17:04:55.153 INFO  [localhost-startStop-1] org.atmosphere.cpr.AtmosphereFramework - Invoke AtmosphereInterceptor on WebSocket message true
2018-05-14 17:04:55.154 INFO  [localhost-startStop-1] org.atmosphere.cpr.AtmosphereFramework - HttpSession supported: true
2018-05-14 17:04:55.154 INFO  [localhost-startStop-1] org.atmosphere.cpr.AtmosphereFramework - Atmosphere is using DefaultAtmosphereObjectFactory for dependency injection and object creation
2018-05-14 17:04:55.154 INFO  [localhost-startStop-1] org.atmosphere.cpr.AtmosphereFramework - Atmosphere is using async support: org.atmosphere.container.JSR356AsyncSupport running under container: Apache Tomcat/8.5.21 using javax.servlet/3.0 and jsr356/WebSocket API
2018-05-14 17:04:55.154 INFO  [localhost-startStop-1] org.atmosphere.cpr.AtmosphereFramework - Atmosphere Framework 2.2.9.vaadin2.cuba1 started.
2018-05-14 17:04:55.157 INFO  [localhost-startStop-1] org.atmosphere.cpr.AtmosphereFramework - Installed AtmosphereInterceptor  Track Message Size Interceptor using | with priority BEFORE_DEFAULT 
2018-05-14 17:04:55.276 INFO  [localhost-startStop-1] com.haulmont.cuba.core.sys.AppComponents - Using app components: [com.haulmont.cuba]
2018-05-14 17:04:55.301 INFO  [localhost-startStop-1] com.haulmont.cuba.core.sys.AbstractWebAppContextLoader - Loading app properties from classpath:com/company/salescafe/web-app.properties
2018-05-14 17:04:55.411 INFO  [localhost-startStop-1] com.haulmont.cuba.core.sys.CubaClassPathXmlApplicationContext - Refreshing com.haulmont.cuba.core.sys.CubaClassPathXmlApplicationContext@2b2a87f5: startup date [Mon May 14 17:04:55 SAMT 2018]; root of context hierarchy
2018-05-14 17:04:57.327 INFO  [localhost-startStop-1] com.haulmont.cuba.core.sys.remoting.discovery.StaticServerSelector - Server URLs: [http://localhost:8080/app-core/remoting]
2018-05-14 17:04:57.354 INFO  [localhost-startStop-1] com.haulmont.cuba.web.sys.remoting.WebRemoteProxyBeanCreator - Configuring proxy beans for local service invocations: [cuba_LoginService, cuba_AuthenticationService, cuba_TrustedClientService, cuba_ServerInfoService, cuba_UserSettingService, cuba_UserManagementService, cuba_DataService, cuba_ConfigStorageService, cuba_PersistenceManagerService, cuba_LockService, cuba_UserSessionService, cuba_FoldersService, cuba_EmailService, cuba_FileStorageService, cuba_EntitySnapshotService, cuba_UniqueNumbersService, cuba_LocalizedMessageService, cuba_ResourceService, cuba_ScheduledTasksService, cuba_EntityLogService, cuba_TestingService, cuba_ObjectsCacheManagerService, cuba_DomainDescriptionService, cuba_RelatedEntitiesService, cuba_EntitySqlGenerationService, cuba_NumberIdService, cuba_QueryResultsService, cuba_DynamicAttributesCacheService, cuba_EntityRestoreService, cuba_LocalFileExchangeService, cuba_EntityImportExportService, cuba_ScreenProfilerService, cuba_ServerTokenStore, cuba_IdpService, cuba_ConstraintLocalizationService, cuba_AttributeAccessService]
2018-05-14 17:04:57.370 INFO  [localhost-startStop-1] com.haulmont.cuba.web.sys.remoting.WebRemoteProxyBeanCreator - Configuring proxy beans for local service invocations: [sales_OrderService]
2018-05-14 17:04:58.866 INFO  [localhost-startStop-1] com.haulmont.cuba.core.sys.CubaThreadPoolTaskScheduler - Initializing ExecutorService  'scheduler'
2018-05-14 17:04:59.195 INFO  [localhost-startStop-1] com.haulmont.cuba.core.sys.jmx.MBeanExporter - Registering beans for JMX exposure: [app.cuba:type=ConfigStorage, app.cuba:type=CachingFacade, app.cuba:type=FileUploading, app.cuba:type=JmxNodeIdentifier, app.cuba:type=JmxLogControl, app.cuba:type=ClassLoaderManager, app.cuba:type=StatisticsCounter]
2018-05-14 17:04:59.250 INFO  [localhost-startStop-1] com.haulmont.cuba.core.sys.MetadataImpl - Initializing metadata
2018-05-14 17:04:59.519 INFO  [localhost-startStop-1] com.haulmont.cuba.core.sys.MetadataImpl - Metadata initialized in 268ms
2018-05-14 17:04:59.527 INFO  [localhost-startStop-1] com.haulmont.cuba.core.sys.AbstractWebAppContextLoader - AppContext initialized
2018-05-14 17:04:59.570 INFO  [localhost-startStop-1] com.haulmont.cuba.web.sys.CubaDispatcherServlet - FrameworkServlet 'dispatcher': initialization started
2018-05-14 17:04:59.575 INFO  [localhost-startStop-1] com.haulmont.cuba.core.sys.CubaXmlWebApplicationContext - Refreshing WebApplicationContext for namespace 'dispatcher-servlet': startup date [Mon May 14 17:04:59 SAMT 2018]; parent: com.haulmont.cuba.core.sys.CubaClassPathXmlApplicationContext@2b2a87f5
2018-05-14 17:05:00.030 DEBUG [localhost-startStop-1] org.jboss.logging - Logging Provider: org.jboss.logging.Slf4jLoggerProvider
2018-05-14 17:05:00.768 INFO  [localhost-startStop-1] com.haulmont.cuba.web.sys.CubaDispatcherServlet - FrameworkServlet 'dispatcher': initialization completed in 1198 ms
2018-05-14 17:05:00.770 INFO  [localhost-startStop-1] com.haulmont.restapi.sys.CubaRestApiServlet - FrameworkServlet 'rest_api': initialization started
2018-05-14 17:05:00.771 INFO  [localhost-startStop-1] com.haulmont.cuba.core.sys.CubaXmlWebApplicationContext - Refreshing WebApplicationContext for namespace 'rest_api-servlet': startup date [Mon May 14 17:05:00 SAMT 2018]; parent: com.haulmont.cuba.core.sys.CubaClassPathXmlApplicationContext@2b2a87f5
2018-05-14 17:05:02.107 INFO  [localhost-startStop-1] com.haulmont.restapi.sys.CubaRestApiServlet - FrameworkServlet 'rest_api': initialization completed in 1336 ms
2018-05-14 17:05:02.208 INFO  [localhost-startStop-1] com.haulmont.cuba.core.sys.AppComponents - Using app components: [com.haulmont.cuba]
2018-05-14 17:05:02.220 INFO  [localhost-startStop-1] com.haulmont.cuba.core.sys.AbstractWebAppContextLoader - Loading app properties from classpath:com/company/salescafe/app.properties
2018-05-14 17:05:02.227 INFO  [localhost-startStop-1] com.haulmont.cuba.core.sys.AppContextLoader - DbmsType of the main database is set to postgres
2018-05-14 17:05:02.310 INFO  [localhost-startStop-1] com.haulmont.cuba.core.sys.persistence.PersistenceConfigProcessor - Creating file C:\Users\lebedev\Documents\Education\testcafe\deploy\tomcat\work\app-core\persistence.xml
2018-05-14 17:05:02.328 INFO  [localhost-startStop-1] com.haulmont.cuba.core.sys.CubaCoreApplicationContext - Refreshing com.haulmont.cuba.core.sys.CubaCoreApplicationContext@3cbf93b: startup date [Mon May 14 17:05:02 SAMT 2018]; root of context hierarchy
2018-05-14 17:05:08.733 INFO  [localhost-startStop-1] com.haulmont.cuba.core.sys.CubaThreadPoolTaskScheduler - Initializing ExecutorService  'scheduler'
2018-05-14 17:05:08.908 INFO  [localhost-startStop-1] com.haulmont.cuba.core.sys.jmx.MBeanExporter - Registering beans for JMX exposure: [app-core.cuba:type=PersistenceManager, app-core.cuba:type=ConfigStorage, app-core.cuba:type=UserSessions, app-core.cuba:type=UniqueNumbers, app-core.cuba:type=Emailer, app-core.cuba:type=EntityLog, app-core.cuba:type=FileStorage, app-core.cuba:type=LockManager, app-core.cuba:type=CachingFacade, app-core.cuba:type=ClusterManager, app-core.cuba:type=ScriptingManager, app-core.cuba:type=ServerInfo, app-core.cuba:type=Scheduling, app-core.cuba:type=ObjectsCacheManager, app-core.cuba:type=PasswordEncryptionSupport, app-core.cuba:type=JmxNodeIdentifier, app-core.cuba:type=JmxLogControl, app-core.cuba:type=ClassLoaderManager, app-core.cuba:type=StatisticsCounter, app-core.cuba:type=BruteForceProtection, app-core.cuba:type=QueryCacheSupport, app-core.cuba:type=IdpSessions, app-core.cuba:type=ServerTokenStore]
2018-05-14 17:05:09.177 INFO  [localhost-startStop-1] com.haulmont.cuba.core.sys.MetadataImpl - Initializing metadata
2018-05-14 17:05:09.446 INFO  [localhost-startStop-1] com.haulmont.cuba.core.sys.MetadataImpl - Metadata initialized in 269ms
2018-05-14 17:05:09.685 DEBUG [localhost-startStop-1] com.haulmont.cuba.security.auth.AnonymousSessionHolder - Initialize anonymous session
2018-05-14 17:05:10.063 INFO  [localhost-startStop-1] com.haulmont.cuba.core.app.ConfigStorage - Loading DB-stored app properties cache
2018-05-14 17:05:10.490 INFO  [localhost-startStop-1] com.haulmont.cuba.core.sys.DefaultPermissionValuesConfig - Initializing default permission values
2018-05-14 17:05:10.573 INFO  [localhost-startStop-1] com.haulmont.cuba.security.auth.AuthenticationManagerBean - Logged in: c4f6c225-1391-9401-8a8d-0f90239f3204 [anonymous]
2018-05-14 17:05:10.574 DEBUG [localhost-startStop-1] com.haulmont.cuba.security.auth.AnonymousSessionHolder - Anonymous session initialized with id c4f6c225-1391-9401-8a8d-0f90239f3204
2018-05-14 17:05:10.574 INFO  [localhost-startStop-1] com.haulmont.cuba.core.sys.AbstractWebAppContextLoader - AppContext initialized
2018-05-14 17:05:10.576 INFO  [localhost-startStop-1] com.haulmont.cuba.core.sys.remoting.RemotingServlet - FrameworkServlet 'remoting': initialization started
2018-05-14 17:05:10.579 INFO  [localhost-startStop-1] com.haulmont.cuba.core.sys.CubaXmlWebApplicationContext - Refreshing WebApplicationContext for namespace 'remoting-servlet': startup date [Mon May 14 17:05:10 SAMT 2018]; parent: com.haulmont.cuba.core.sys.CubaCoreApplicationContext@3cbf93b
2018-05-14 17:05:10.620 INFO  [localhost-startStop-1] com.haulmont.cuba.core.sys.remoting.RemoteServicesBeanCreator - Configuring remote services
2018-05-14 17:05:10.753 INFO  [localhost-startStop-1] com.haulmont.cuba.core.sys.remoting.RemotingServlet - FrameworkServlet 'remoting': initialization completed in 177 ms
2018-05-14 17:06:04.505 DEBUG [http-nio-8080-exec-35] com.haulmont.cuba.gui.theme.ThemeConstantsRepository - Loading theme constants
2018-05-14 17:06:04.510 DEBUG [http-nio-8080-exec-35] com.haulmont.cuba.web.App - Initializing application
2018-05-14 17:06:04.709 DEBUG [http-nio-8080-exec-35/app/anonymous] com.haulmont.cuba.web.DefaultApp - connectionStateChanged connected: true, authenticated: false
2018-05-14 17:06:04.709 DEBUG [http-nio-8080-exec-35/app/anonymous] com.haulmont.cuba.web.App - Closing all windows
2018-05-14 17:06:05.206 DEBUG [http-nio-8080-exec-35/app/anonymous] com.haulmont.cuba.web.AbstractConnection - Logged in: user=anonymous, ip=0:0:0:0:0:0:0:1, clientInfo=Web (localhost:8080/app) Mozilla/5.0 (Windows NT 10.0; Win64; x64) AppleWebKit/537.36 (KHTML, like Gecko) Chrome/66.0.3359.139 Safari/537.36
2018-05-14 17:06:07.702 INFO  [http-nio-8080-exec-47/app-core/anonymous] com.haulmont.cuba.security.auth.AuthenticationManagerBean - Logged in: ffe10a01-e4de-5a10-cd8f-5689b3c317e8 [admin]
2018-05-14 17:06:07.720 DEBUG [http-nio-8080-exec-47/app/admin] com.haulmont.cuba.web.DefaultApp - connectionStateChanged connected: true, authenticated: true
2018-05-14 17:06:07.721 DEBUG [http-nio-8080-exec-47/app/admin] com.haulmont.cuba.web.App - Closing all windows
2018-05-14 17:06:07.725 DEBUG [http-nio-8080-exec-47/app/admin] com.haulmont.cuba.web.DefaultApp - Session reinitialized: HttpSession=org.apache.catalina.session.StandardSessionFacade@49a9bad8, timeout=1800sec, UserSession=ffe10a01-e4de-5a10-cd8f-5689b3c317e8 [admin]
2018-05-14 17:06:07.894 INFO  [http-nio-8080-exec-47/app/admin] com.haulmont.cuba.core.sys.AbstractViewRepository - Initializing views
2018-05-14 17:06:07.919 DEBUG [http-nio-8080-exec-47/app-core/admin] com.haulmont.cuba.core.app.StoreFactory - No implementation is specified for _MAIN_ store, using RdbmsStore
2018-05-14 17:06:08.016 DEBUG [http-nio-8080-exec-47/app-core/admin] com.haulmont.cuba.core.app.RdbmsStore - loadList: metaClass=sec$UserSubstitution, view=com.haulmont.cuba.security.entity.UserSubstitution/app, query=select us from sec$UserSubstitution us where us.user.id = :userId and (us.endDate is null or us.endDate >= :currentDate) and (us.startDate is null or us.startDate <= :currentDate) and (us.substitutedUser.active = true or us.substitutedUser.active is null) order by us.substitutedUser.name
2018-05-14 17:06:08.147 DEBUG [http-nio-8080-exec-47/app-core/admin] com.haulmont.cuba.core.app.FoldersServiceBean - Loading AppFolders
2018-05-14 17:06:08.169 DEBUG [http-nio-8080-exec-47/app-core/admin] com.haulmont.cuba.core.app.FoldersServiceBean - Loading SearchFolders
2018-05-14 17:06:08.204 DEBUG [http-nio-8080-exec-47/app/admin] com.haulmont.cuba.web.AbstractConnection - Logged in: user=admin, ip=0:0:0:0:0:0:0:1, clientInfo=Web (localhost:8080/app) Mozilla/5.0 (Windows NT 10.0; Win64; x64) AppleWebKit/537.36 (KHTML, like Gecko) Chrome/66.0.3359.139 Safari/537.36
2018-05-14 17:06:10.836 INFO  [http-nio-8080-exec-29/app-core/admin] com.haulmont.cuba.core.app.PersistenceManager - Loading statistics cache
2018-05-14 17:06:10.913 INFO  [http-nio-8080-exec-29/app-core/admin] com.haulmont.cuba.core.sys.AbstractViewRepository - Initializing views
2018-05-14 17:06:10.989 DEBUG [http-nio-8080-exec-29/app-core/admin] com.haulmont.cuba.core.app.RdbmsStore - loadList: metaClass=sec$Presentation, view=com.haulmont.cuba.security.entity.Presentation/app, query=select p from sec$Presentation p where p.componentId = :component and (p.user is null or p.user.id = :userId)
2018-05-14 17:06:11.335 DEBUG [http-nio-8080-exec-29/app-core/admin] com.haulmont.cuba.core.app.RdbmsStore - loadList: metaClass=salescafe$WorkDay, view=com.company.salescafe.entity.WorkDay/workDay-view, query=select e from salescafe$WorkDay e order by e.workDate desc, max=10000
2018-05-14 17:16:06.121 DEBUG [http-nio-8080-exec-28] com.haulmont.cuba.web.App - Ping session
2018-05-14 17:26:07.122 DEBUG [http-nio-8080-exec-28/app/admin] com.haulmont.cuba.web.App - Ping session
2018-05-14 17:42:02.458 DEBUG [http-nio-8080-exec-32] com.haulmont.cuba.web.App - Ping session
2018-05-14 17:47:14.092 INFO  [localhost-startStop-2] com.haulmont.cuba.core.sys.CubaXmlWebApplicationContext - Closing WebApplicationContext for namespace 'rest_api-servlet': startup date [Mon May 14 17:05:00 SAMT 2018]; parent: com.haulmont.cuba.core.sys.CubaClassPathXmlApplicationContext@2b2a87f5
2018-05-14 17:47:14.102 INFO  [localhost-startStop-2] com.haulmont.cuba.core.sys.CubaXmlWebApplicationContext - Closing WebApplicationContext for namespace 'dispatcher-servlet': startup date [Mon May 14 17:04:59 SAMT 2018]; parent: com.haulmont.cuba.core.sys.CubaClassPathXmlApplicationContext@2b2a87f5
